I200223 19:02:41.600890 1 util/log/clog.go:992  [config] file created at: 2020/02/23 19:02:41
I200223 19:02:41.600890 1 util/log/clog.go:992  [config] running on machine: a726653d976a
I200223 19:02:41.600890 1 util/log/clog.go:992  [config] binary: CockroachDB CCL v1.1.3 (linux amd64, built 2017/11/27 13:59:10, go1.8.3)
I200223 19:02:41.600890 1 util/log/clog.go:992  [config] arguments: [/cockroach/cockroach start --insecure --join=roach1]
I200223 19:02:41.600890 1 util/log/clog.go:992  line format: [IWEF]yymmdd hh:mm:ss.uuuuuu goid file:line msg utf8=✓
W200223 19:02:41.600885 1 cli/start.go:777  RUNNING IN INSECURE MODE!

- Your cluster is open for any client that can access <all your IP addresses>.
- Any user, even root, can log in without providing a password.
- Any user, connecting as root, can read or write any data in your cluster.
- There is no network encryption nor authentication, and thus no confidentiality.

Check out how to secure your cluster: https://www.cockroachlabs.com/docs/stable/secure-a-cluster.html
I200223 19:02:41.680540 1 server/config.go:312  available memory from cgroups (8.0 EiB) exceeds system memory 16 GiB, using system memory
W200223 19:02:41.680638 1 cli/start.go:697  Using the default setting for --cache (128 MiB).
  A significantly larger value is usually needed for good performance.
  If you have a dedicated server a reasonable setting is --cache=25% (3.9 GiB).
I200223 19:02:41.707129 1 cli/start.go:785  CockroachDB CCL v1.1.3 (linux amd64, built 2017/11/27 13:59:10, go1.8.3)
I200223 19:02:41.808708 1 server/config.go:312  available memory from cgroups (8.0 EiB) exceeds system memory 16 GiB, using system memory
I200223 19:02:41.808810 1 server/config.go:425  system total memory: 16 GiB
I200223 19:02:41.809089 1 server/config.go:427  server configuration:
max offset                500000000
cache size                128 MiB
SQL memory pool size      128 MiB
scan interval             10m0s
scan max idle time        200ms
metrics sample interval   10s
event log enabled         true
linearizable              false
I200223 19:02:41.809479 50 cli/start.go:503  starting cockroach node
I200223 19:02:42.166702 50 storage/engine/rocksdb.go:406  opening rocksdb instance at "/cockroach/cockroach-data/local"
W200223 19:02:43.286940 50 gossip/gossip.go:1241  [n?] no incoming or outgoing connections
I200223 19:02:43.288847 50 storage/engine/rocksdb.go:406  opening rocksdb instance at "/cockroach/cockroach-data"
I200223 19:02:43.495671 44 gossip/client.go:129  [n?] started gossip client to roach1:26257
I200223 19:02:46.938970 50 server/config.go:528  [n?] 1 storage engine initialized
I200223 19:02:46.939038 50 server/config.go:530  [n?] RocksDB cache size: 128 MiB
I200223 19:02:46.939076 50 server/config.go:530  [n?] store 0: RocksDB, max size 0 B, max open file limit 1043576
W200223 19:02:48.106513 123 storage/replica_range_lease.go:333  can't determine lease status due to node liveness error: node not in the liveness table
W200223 19:02:48.106543 123 storage/replica_range_lease.go:333  can't determine lease status due to node liveness error: node not in the liveness table
W200223 19:02:48.106637 123 storage/store.go:1286  [n3,s3,r7/3:/Table/{SystemCon…-11}] could not gossip system config: [NotLeaseHolderError] r7: replica (n3,s3):3 not lease holder; lease holder unknown
W200223 19:02:48.190839 50 storage/replica_range_lease.go:333  can't determine lease status due to node liveness error: node not in the liveness table
W200223 19:02:48.190866 50 storage/replica_range_lease.go:333  can't determine lease status due to node liveness error: node not in the liveness table
W200223 19:02:48.239104 123 storage/replica_range_lease.go:333  can't determine lease status due to node liveness error: node not in the liveness table
W200223 19:02:48.239124 123 storage/replica_range_lease.go:333  can't determine lease status due to node liveness error: node not in the liveness table
W200223 19:02:48.239173 123 storage/store.go:1286  [n3,s3,r7/3:/Table/{SystemCon…-11}] could not gossip system config: [NotLeaseHolderError] r7: replica (n3,s3):3 not lease holder; lease holder unknown
W200223 19:02:48.239580 50 storage/replica_range_lease.go:333  can't determine lease status due to node liveness error: node not in the liveness table
W200223 19:02:48.239605 50 storage/replica_range_lease.go:333  can't determine lease status due to node liveness error: node not in the liveness table
W200223 19:02:48.239623 50 storage/replica_range_lease.go:333  can't determine lease status due to node liveness error: node not in the liveness table
W200223 19:02:48.239654 50 storage/replica_range_lease.go:333  can't determine lease status due to node liveness error: node not in the liveness table
I200223 19:02:48.239769 50 storage/store.go:1199  [n3,s3] [n3,s3]: failed initial metrics computation: [n3,s3]: system config not yet available
W200223 19:02:48.240362 50 storage/replica_range_lease.go:333  can't determine lease status due to node liveness error: node not in the liveness table
W200223 19:02:48.240396 50 storage/replica_range_lease.go:333  can't determine lease status due to node liveness error: node not in the liveness table
W200223 19:02:48.240423 50 storage/replica_range_lease.go:333  can't determine lease status due to node liveness error: node not in the liveness table
W200223 19:02:48.240488 50 storage/replica_range_lease.go:333  can't determine lease status due to node liveness error: node not in the liveness table
W200223 19:02:48.240511 50 storage/replica_range_lease.go:333  can't determine lease status due to node liveness error: node not in the liveness table
W200223 19:02:48.240533 50 storage/replica_range_lease.go:333  can't determine lease status due to node liveness error: node not in the liveness table
I200223 19:02:48.240681 50 server/node.go:461  [n3] initialized store [n3,s3]: disk (capacity=457 GiB, available=383 GiB, used=24 MiB, logicalBytes=179 MiB), ranges=22, leases=0, writes=0.00, bytesPerReplica={p10=0.00 p25=0.00 p50=6857.00 p75=11065187.00 p90=33682077.00}, writesPerReplica={p10=0.00 p25=0.00 p50=0.00 p75=0.00 p90=0.00}
I200223 19:02:48.240753 50 server/node.go:326  [n3] node ID 3 initialized
I200223 19:02:48.241038 50 gossip/gossip.go:327  [n3] NodeDescriptor set to node_id:3 address:<network_field:"tcp" address_field:"a726653d976a:26257" > attrs:<> locality:<> ServerVersion:<major_val:1 minor_val:1 patch:0 unstable:0 > 
I200223 19:02:48.241323 50 storage/stores.go:303  [n3] read 2 node addresses from persistent storage
I200223 19:02:48.241804 50 server/node.go:606  [n3] connecting to gossip network to verify cluster ID...
I200223 19:02:48.241896 50 server/node.go:631  [n3] node connected via gossip and verified as part of cluster "341cc021-3ce8-429b-a4a8-00237c7c0fac"
I200223 19:02:48.241959 50 server/node.go:403  [n3] node=3: started with [<no-attributes>=/cockroach/cockroach-data] engine(s) and attributes []
W200223 19:02:48.242896 31 storage/replica_range_lease.go:333  can't determine lease status due to node liveness error: node not in the liveness table
W200223 19:02:48.242956 31 storage/replica_range_lease.go:333  can't determine lease status due to node liveness error: node not in the liveness table
W200223 19:02:48.242991 31 storage/replica_range_lease.go:333  can't determine lease status due to node liveness error: node not in the liveness table
W200223 19:02:48.243010 31 storage/replica_range_lease.go:333  can't determine lease status due to node liveness error: node not in the liveness table
W200223 19:02:48.243038 31 storage/replica_range_lease.go:333  can't determine lease status due to node liveness error: node not in the liveness table
W200223 19:02:48.243051 31 storage/replica_range_lease.go:333  can't determine lease status due to node liveness error: node not in the liveness table
W200223 19:02:48.307479 131 storage/replica_range_lease.go:333  can't determine lease status due to node liveness error: node not in the liveness table
W200223 19:02:48.307567 131 storage/replica_range_lease.go:333  can't determine lease status due to node liveness error: node not in the liveness table
W200223 19:02:48.307768 130 storage/replica_range_lease.go:333  can't determine lease status due to node liveness error: node not in the liveness table
W200223 19:02:48.307783 130 storage/replica_range_lease.go:333  can't determine lease status due to node liveness error: node not in the liveness table
W200223 19:02:48.308794 67 gossip/gossip.go:1044  [n3] invalid bootstrap address: &{typ:tcp addr:c53fd861c252:26257}, lookup c53fd861c252 on 127.0.0.11:53: no such host
W200223 19:02:48.346641 123 storage/replica_range_lease.go:333  can't determine lease status due to node liveness error: node not in the liveness table
W200223 19:02:48.346679 123 storage/replica_range_lease.go:333  can't determine lease status due to node liveness error: node not in the liveness table
W200223 19:02:48.346727 123 storage/store.go:1286  [n3,s3,r7/3:/Table/{SystemCon…-11}] could not gossip system config: [NotLeaseHolderError] r7: replica (n3,s3):3 not lease holder; lease holder unknown
I200223 19:02:48.404602 50 sql/executor.go:408  [n3] creating distSQLPlanner with address {tcp a726653d976a:26257}
W200223 19:02:48.454271 147 storage/replica_range_lease.go:333  can't determine lease status due to node liveness error: node not in the liveness table
W200223 19:02:48.454304 147 storage/replica_range_lease.go:333  can't determine lease status due to node liveness error: node not in the liveness table
W200223 19:02:48.454322 147 storage/replica_range_lease.go:333  can't determine lease status due to node liveness error: node not in the liveness table
W200223 19:02:48.454344 147 storage/replica_range_lease.go:333  can't determine lease status due to node liveness error: node not in the liveness table
W200223 19:02:48.454361 147 storage/replica_range_lease.go:333  can't determine lease status due to node liveness error: node not in the liveness table
W200223 19:02:48.454392 147 storage/replica_range_lease.go:333  can't determine lease status due to node liveness error: node not in the liveness table
W200223 19:02:48.508254 131 storage/replica_range_lease.go:333  can't determine lease status due to node liveness error: node not in the liveness table
W200223 19:02:48.508374 131 storage/replica_range_lease.go:333  can't determine lease status due to node liveness error: node not in the liveness table
W200223 19:02:48.563826 123 storage/replica_range_lease.go:333  can't determine lease status due to node liveness error: node not in the liveness table
W200223 19:02:48.563877 123 storage/replica_range_lease.go:333  can't determine lease status due to node liveness error: node not in the liveness table
W200223 19:02:48.563985 123 storage/store.go:1286  [n3,s3,r7/3:/Table/{SystemCon…-11}] could not gossip system config: [NotLeaseHolderError] r7: replica (n3,s3):3 not lease holder; lease holder unknown
W200223 19:02:48.694956 67 gossip/gossip.go:1044  [n3] invalid bootstrap address: &{typ:tcp addr:42ba54ef9344:26257}, lookup 42ba54ef9344 on 127.0.0.11:53: no such host
W200223 19:02:48.708801 131 storage/replica_range_lease.go:333  can't determine lease status due to node liveness error: node not in the liveness table
W200223 19:02:48.708907 131 storage/replica_range_lease.go:333  can't determine lease status due to node liveness error: node not in the liveness table
W200223 19:02:48.909414 131 storage/replica_range_lease.go:333  can't determine lease status due to node liveness error: node not in the liveness table
W200223 19:02:48.909518 131 storage/replica_range_lease.go:333  can't determine lease status due to node liveness error: node not in the liveness table
W200223 19:02:48.938592 123 storage/replica_range_lease.go:333  can't determine lease status due to node liveness error: node not in the liveness table
W200223 19:02:48.938642 123 storage/replica_range_lease.go:333  can't determine lease status due to node liveness error: node not in the liveness table
W200223 19:02:48.938751 123 storage/store.go:1286  [n3,s3,r7/3:/Table/{SystemCon…-11}] could not gossip system config: [NotLeaseHolderError] r7: replica (n3,s3):3 not lease holder; lease holder unknown
I200223 19:02:49.085755 50 server/server.go:946  [n3] starting http server at a726653d976a:8080
I200223 19:02:49.085834 50 server/server.go:947  [n3] starting grpc/postgres server at a726653d976a:26257
I200223 19:02:49.085908 50 server/server.go:948  [n3] advertising CockroachDB node at a726653d976a:26257
W200223 19:02:49.085997 50 sql/jobs/registry.go:156  [n3] unable to get node liveness: node not in the liveness table
I200223 19:02:49.098931 195 storage/stores.go:322  [n3] wrote 3 node addresses to persistent storage
I200223 19:02:49.099040 195 storage/stores.go:322  [n3] wrote 4 node addresses to persistent storage
W200223 19:02:49.109890 131 storage/replica_range_lease.go:333  can't determine lease status due to node liveness error: node not in the liveness table
W200223 19:02:49.109960 131 storage/replica_range_lease.go:333  can't determine lease status due to node liveness error: node not in the liveness table
W200223 19:02:49.110110 130 storage/replica_range_lease.go:333  can't determine lease status due to node liveness error: node not in the liveness table
W200223 19:02:49.110121 130 storage/replica_range_lease.go:333  can't determine lease status due to node liveness error: node not in the liveness table
W200223 19:02:49.511958 131 storage/replica_range_lease.go:333  can't determine lease status due to node liveness error: node not in the liveness table
W200223 19:02:49.512137 131 storage/replica_range_lease.go:333  can't determine lease status due to node liveness error: node not in the liveness table
W200223 19:02:49.512495 130 storage/replica_range_lease.go:333  can't determine lease status due to node liveness error: node not in the liveness table
W200223 19:02:49.512524 130 storage/replica_range_lease.go:333  can't determine lease status due to node liveness error: node not in the liveness table
I200223 19:02:49.706029 205 gossip/client.go:129  [n3] started gossip client to f752ce051904:26257
I200223 19:02:49.707631 205 gossip/client.go:136  [n3] closing client to f752ce051904:26257: rpc error: code = Unknown desc = duplicate connection from node at {tcp a726653d976a:26257}
W200223 19:02:49.712684 131 storage/replica_range_lease.go:333  can't determine lease status due to node liveness error: node not in the liveness table
W200223 19:02:49.712807 131 storage/replica_range_lease.go:333  can't determine lease status due to node liveness error: node not in the liveness table
W200223 19:02:49.718204 123 storage/replica_range_lease.go:333  can't determine lease status due to node liveness error: node not in the liveness table
W200223 19:02:49.718228 123 storage/replica_range_lease.go:333  can't determine lease status due to node liveness error: node not in the liveness table
W200223 19:02:49.718278 123 storage/store.go:1286  [n3,s3,r7/3:/Table/{SystemCon…-11}] could not gossip system config: [NotLeaseHolderError] r7: replica (n3,s3):3 not lease holder; lease holder unknown
W200223 19:02:49.913378 131 storage/replica_range_lease.go:333  can't determine lease status due to node liveness error: node not in the liveness table
W200223 19:02:49.913461 131 storage/replica_range_lease.go:333  can't determine lease status due to node liveness error: node not in the liveness table
W200223 19:02:50.087601 64 sql/jobs/registry.go:156  unable to get node liveness: node not in the liveness table
W200223 19:02:50.315304 131 storage/replica_range_lease.go:333  can't determine lease status due to node liveness error: node not in the liveness table
W200223 19:02:50.315456 131 storage/replica_range_lease.go:333  can't determine lease status due to node liveness error: node not in the liveness table
W200223 19:02:50.516011 131 storage/replica_range_lease.go:333  can't determine lease status due to node liveness error: node not in the liveness table
W200223 19:02:50.516110 131 storage/replica_range_lease.go:333  can't determine lease status due to node liveness error: node not in the liveness table
I200223 19:02:50.707835 297 gossip/client.go:129  [n3] started gossip client to f2a5861397c4:26257
I200223 19:02:50.708310 297 gossip/client.go:134  [n3] closing client to node 2 (f2a5861397c4:26257): stopping outgoing client to node 2 (f2a5861397c4:26257); already have incoming
W200223 19:02:50.716688 131 storage/replica_range_lease.go:333  can't determine lease status due to node liveness error: node not in the liveness table
W200223 19:02:50.716750 131 storage/replica_range_lease.go:333  can't determine lease status due to node liveness error: node not in the liveness table
W200223 19:02:50.716869 130 storage/replica_range_lease.go:333  can't determine lease status due to node liveness error: node not in the liveness table
W200223 19:02:50.716892 130 storage/replica_range_lease.go:333  can't determine lease status due to node liveness error: node not in the liveness table
W200223 19:02:50.801278 123 storage/replica_range_lease.go:333  can't determine lease status due to node liveness error: node not in the liveness table
W200223 19:02:50.801299 123 storage/replica_range_lease.go:333  can't determine lease status due to node liveness error: node not in the liveness table
W200223 19:02:50.801342 123 storage/store.go:1286  [n3,s3,r7/3:/Table/{SystemCon…-11}] could not gossip system config: [NotLeaseHolderError] r7: replica (n3,s3):3 not lease holder; lease holder unknown
W200223 19:02:50.917457 131 storage/replica_range_lease.go:333  can't determine lease status due to node liveness error: node not in the liveness table
W200223 19:02:50.917577 131 storage/replica_range_lease.go:333  can't determine lease status due to node liveness error: node not in the liveness table
W200223 19:02:51.087919 64 sql/jobs/registry.go:156  unable to get node liveness: node not in the liveness table
W200223 19:02:51.118368 131 storage/replica_range_lease.go:333  can't determine lease status due to node liveness error: node not in the liveness table
W200223 19:02:51.118496 131 storage/replica_range_lease.go:333  can't determine lease status due to node liveness error: node not in the liveness table
W200223 19:02:51.118743 130 storage/replica_range_lease.go:333  can't determine lease status due to node liveness error: node not in the liveness table
W200223 19:02:51.118770 130 storage/replica_range_lease.go:333  can't determine lease status due to node liveness error: node not in the liveness table
W200223 19:02:51.319186 131 storage/replica_range_lease.go:333  can't determine lease status due to node liveness error: node not in the liveness table
W200223 19:02:51.319309 131 storage/replica_range_lease.go:333  can't determine lease status due to node liveness error: node not in the liveness table
W200223 19:02:51.337287 63 storage/node_liveness.go:399  [n3,hb] slow heartbeat took 2.3s
W200223 19:02:51.337361 63 storage/node_liveness.go:342  [n3,hb] failed node liveness heartbeat: context deadline exceeded
W200223 19:02:51.519747 131 storage/replica_range_lease.go:333  can't determine lease status due to node liveness error: node not in the liveness table
W200223 19:02:51.519808 131 storage/replica_range_lease.go:333  can't determine lease status due to node liveness error: node not in the liveness table
I200223 19:02:51.689871 271 storage/raft_transport.go:455  [n3] raft transport stream to node 2 established
I200223 19:02:51.690332 272 storage/raft_transport.go:455  [n3] raft transport stream to node 1 established
W200223 19:02:51.720509 131 storage/replica_range_lease.go:333  can't determine lease status due to node liveness error: node not in the liveness table
W200223 19:02:51.720672 131 storage/replica_range_lease.go:333  can't determine lease status due to node liveness error: node not in the liveness table
W200223 19:02:51.720902 130 storage/replica_range_lease.go:333  can't determine lease status due to node liveness error: node not in the liveness table
W200223 19:02:51.720945 130 storage/replica_range_lease.go:333  can't determine lease status due to node liveness error: node not in the liveness table
I200223 19:02:51.721984 338 gossip/client.go:129  [n3] started gossip client to f752ce051904:26257
I200223 19:02:51.722874 338 gossip/client.go:136  [n3] closing client to f752ce051904:26257: rpc error: code = Unknown desc = duplicate connection from node at {tcp a726653d976a:26257}
W200223 19:02:51.803365 123 storage/replica_range_lease.go:333  can't determine lease status due to node liveness error: node not in the liveness table
W200223 19:02:51.803401 123 storage/replica_range_lease.go:333  can't determine lease status due to node liveness error: node not in the liveness table
W200223 19:02:51.803483 123 storage/store.go:1286  [n3,s3,r7/3:/Table/{SystemCon…-11}] could not gossip system config: [NotLeaseHolderError] r7: replica (n3,s3):3 not lease holder; lease holder unknown
W200223 19:02:51.921454 131 storage/replica_range_lease.go:333  can't determine lease status due to node liveness error: node not in the liveness table
W200223 19:02:51.921626 131 storage/replica_range_lease.go:333  can't determine lease status due to node liveness error: node not in the liveness table
W200223 19:02:52.088488 64 sql/jobs/registry.go:156  unable to get node liveness: node not in the liveness table
W200223 19:02:52.122538 131 storage/replica_range_lease.go:333  can't determine lease status due to node liveness error: node not in the liveness table
W200223 19:02:52.122785 131 storage/replica_range_lease.go:333  can't determine lease status due to node liveness error: node not in the liveness table
W200223 19:02:52.524075 131 storage/replica_range_lease.go:333  can't determine lease status due to node liveness error: node not in the liveness table
W200223 19:02:52.524221 131 storage/replica_range_lease.go:333  can't determine lease status due to node liveness error: node not in the liveness table
I200223 19:02:52.723513 336 gossip/client.go:129  [n3] started gossip client to f2a5861397c4:26257
I200223 19:02:52.724504 336 gossip/client.go:134  [n3] closing client to node 2 (f2a5861397c4:26257): stopping outgoing client to node 2 (f2a5861397c4:26257); already have incoming
W200223 19:02:52.725086 131 storage/replica_range_lease.go:333  can't determine lease status due to node liveness error: node not in the liveness table
W200223 19:02:52.725191 131 storage/replica_range_lease.go:333  can't determine lease status due to node liveness error: node not in the liveness table
I200223 19:02:53.737977 417 gossip/client.go:129  [n3] started gossip client to f752ce051904:26257
I200223 19:02:53.738639 417 gossip/client.go:136  [n3] closing client to f752ce051904:26257: rpc error: code = Unknown desc = duplicate connection from node at {tcp a726653d976a:26257}
W200223 19:02:55.239459 63 storage/node_liveness.go:399  [n3,hb] slow heartbeat took 1.7s
I200223 19:02:55.940657 115 storage/replica_proposal.go:453  [n3,s3,r18/3:/System/tsd/cr.store.{ra…-va…}] new range lease repl=(n3,s3):3 start=1582483473.400215229,0 epo=2 pro=1582484574.415816399,0 following repl=(n3,s3):3 start=1582483473.400215229,0 epo=2 pro=1582483473.400218142,0
I200223 19:02:56.923680 100 storage/replica_proposal.go:453  [n3,s3,r5/3:/System/tsd{-/cr.nod…}] new range lease repl=(n3,s3):3 start=1582484574.413932677,0 epo=2 pro=1582484574.413961349,0 following repl=(n2,s2):2 start=1582483473.754580732,0 epo=4 pro=1582483473.754585669,0
I200223 19:02:56.923961 107 storage/replica_proposal.go:453  [n3,s3,r41/3:/System/tsd/cr.node.sql.mem.…] new range lease repl=(n3,s3):3 start=1582484573.328143546,0 epo=2 pro=1582484573.328166369,0 following repl=(n1,s1):1 start=1582483473.753524313,0 epo=4 pro=1582483473.753531793,0
I200223 19:02:57.036649 114 storage/replica_proposal.go:453  [n3,s3,r4/3:/System/{NodeLive…-tsd}] new range lease repl=(n3,s3):3 start=1582484574.440795753,0 epo=2 pro=1582484574.440814930,0 following repl=(n2,s2):2 start=1582483473.753707156,0 epo=4 pro=1582483473.753712725,0
I200223 19:02:57.261270 104 storage/replica_proposal.go:453  [n3,s3,r17/3:/System/ts{d/cr.st…-e}] new range lease repl=(n3,s3):3 start=1582484574.420902860,0 epo=2 pro=1582484574.420911679,0 following repl=(n2,s2):2 start=1582483473.395826111,0 epo=4 pro=1582483473.395837005,0
I200223 19:02:57.261326 93 storage/replica_proposal.go:453  [n3,s3,r32/3:/System/tsd/cr.{node.…-store…}] new range lease repl=(n3,s3):3 start=1582484574.415753796,0 epo=2 pro=1582484574.415768577,0 following repl=(n2,s2):2 start=1582483473.396008820,0 epo=4 pro=1582483473.396016572,0
W200223 19:02:57.507860 495 storage/node_liveness.go:399  [n3,s3,r18/3:/System/tsd/cr.store.{ra…-va…}] slow heartbeat took 1.6s
I200223 19:02:57.584994 109 storage/replica_proposal.go:453  [n3,s3,r33/3:/System/tsd/cr.node.s{ql…-ys…}] new range lease repl=(n3,s3):3 start=1582484574.416204857,0 epo=2 pro=1582484574.416217347,0 following repl=(n1,s1):1 start=1582483473.753895571,0 epo=4 pro=1582483473.753900185,0
I200223 19:02:57.908334 102 storage/replica_proposal.go:453  [n3,s3,r7/3:/Table/{SystemCon…-11}] new range lease repl=(n3,s3):3 start=1582484572.931767854,0 epo=2 pro=1582484572.931777955,0 following repl=(n2,s2):2 start=1582483473.397341357,0 epo=4 pro=1582483473.397351820,0
W200223 19:02:58.246804 30 server/node.go:717  [n3] [n3,s3]: unable to compute metrics: [n3,s3]: system config not yet available
I200223 19:02:58.311740 33 server/status/runtime.go:223  [n3] runtime stats: 56 MiB RSS, 187 goroutines, 14 MiB/1.9 MiB/25 MiB GO alloc/idle/total, 14 MiB/17 MiB CGO alloc/total, 0.00cgo/sec, 0.00/0.00 %(u/s)time, 0.00 %gc (6x)
I200223 19:02:58.546294 88 storage/replica_proposal.go:453  [n3,s3,r4/3:/System/{NodeLive…-tsd}] new range lease repl=(n3,s3):3 start=1582484574.440795753,0 epo=3 pro=1582484577.038267369,0 following repl=(n3,s3):3 start=1582484574.440795753,0 epo=2 pro=1582484574.440814930,0
I200223 19:02:58.584835 50 server/server.go:1090  [n3] done ensuring all necessary migrations have run
I200223 19:02:58.585189 50 server/server.go:1092  [n3] serving sql connections
I200223 19:02:58.587332 50 cli/start.go:582  node startup completed:
CockroachDB node starting at 2020-02-23 19:02:58.586961611 +0000 UTC (took 17.0s)
build:      CCL v1.1.3 @ 2017/11/27 13:59:10 (go1.8.3)
admin:      http://a726653d976a:8080
sql:        postgresql://root@a726653d976a:26257?application_name=cockroach&sslmode=disable
logs:       /cockroach/cockroach-data/logs
store[0]:   path=/cockroach/cockroach-data
status:     restarted pre-existing node
clusterID:  341cc021-3ce8-429b-a4a8-00237c7c0fac
nodeID:     3
I200223 19:02:59.255158 96 storage/replica_proposal.go:453  [n3,s3,r7/3:/Table/{SystemCon…-11}] new range lease repl=(n3,s3):3 start=1582484572.931767854,0 epo=3 pro=1582484577.909483841,0 following repl=(n3,s3):3 start=1582484572.931767854,0 epo=2 pro=1582484572.931777955,0
I200223 19:03:00.162947 507 server/updates.go:212  [n3] A new version is available: 19.2.4, details: https://www.cockroachlabs.com/docs/releases/v19.2.4.html
I200223 19:03:01.443901 104 storage/replica_proposal.go:453  [n3,s3,r9/2:/Table/1{2-3}] new range lease repl=(n3,s3):2 start=1582484579.353341177,0 epo=3 pro=1582484579.353361283,0 following repl=(n2,s2):3 start=1582483473.397108588,0 epo=4 pro=1582483473.397115914,0
I200223 19:03:04.419462 506 sql/event_log.go:102  [n3] Event: "node_restart", target: 3, info: {Descriptor:{NodeID:3 Address:{NetworkField:tcp AddressField:a726653d976a:26257} Attrs: Locality: ServerVersion:1.1} ClusterID:341cc021-3ce8-429b-a4a8-00237c7c0fac StartedAt:1582484568241905912 LastUp:1582483473753036360}
W200223 19:03:04.420153 620 kv/txn_coord_sender.go:786  [n3] heartbeat to "unnamed" id=64366fd7 key=/Table/12/1/2020-02-23T19:02:58.585441Z/"\x86\xe9a\x1b\xe7\xd1Oͬ\xa9p\xa9\xcaP\xeb\xd6"/0 rw=true pri=0.07387204 iso=SERIALIZABLE stat=PENDING epo=1 ts=1582484579.353341177,1 orig=1582484579.353341177,1 max=1582484579.085441065,0 wto=false rop=false seq=12 failed: heartbeat for transaction "unnamed" id=64366fd7 key=/Table/12/1/2020-02-23T19:02:58.585441Z/"\x86\xe9a\x1b\xe7\xd1Oͬ\xa9p\xa9\xcaP\xeb\xd6"/0 rw=true pri=0.07387204 iso=SERIALIZABLE stat=PENDING epo=1 ts=1582484579.353341177,1 orig=1582484579.353341177,1 max=1582484578.585441065,0 wto=false rop=false seq=13 failed; record not present
I200223 19:03:08.311651 33 server/status/runtime.go:223  [n3] runtime stats: 66 MiB RSS, 158 goroutines, 14 MiB/6.2 MiB/30 MiB GO alloc/idle/total, 17 MiB/20 MiB CGO alloc/total, 133.50cgo/sec, 0.05/0.03 %(u/s)time, 0.00 %gc (2x)
I200223 19:03:10.224376 68 gossip/gossip.go:1255  [n3] node has connected to cluster via gossip
I200223 19:03:10.224623 68 storage/stores.go:322  [n3] wrote 2 node addresses to persistent storage
I200223 19:03:18.311753 33 server/status/runtime.go:223  [n3] runtime stats: 68 MiB RSS, 158 goroutines, 14 MiB/7.1 MiB/31 MiB GO alloc/idle/total, 18 MiB/21 MiB CGO alloc/total, 65.70cgo/sec, 0.02/0.02 %(u/s)time, 0.00 %gc (1x)
W200223 19:03:21.375985 112 storage/store.go:3581  [n3,s3] handle raft ready: 0.5s [processed=0]
W200223 19:03:21.626861 63 storage/node_liveness.go:399  [n3,hb] slow heartbeat took 1.0s
I200223 19:03:23.407849 109 storage/replica_proposal.go:453  [n3,s3,r12/3:/Table/1{5-6}] new range lease repl=(n3,s3):3 start=1582483473.400467166,0 epo=3 pro=1582484599.091038671,0 following repl=(n3,s3):3 start=1582483473.400467166,0 epo=2 pro=1582483473.400471157,0
W200223 19:03:24.638535 106 storage/store.go:3581  [n3,s3] handle raft ready: 0.7s [processed=0]
W200223 19:03:26.220657 63 storage/node_liveness.go:399  [n3,hb] slow heartbeat took 1.1s
I200223 19:03:28.310783 33 server/status/runtime.go:223  [n3] runtime stats: 70 MiB RSS, 158 goroutines, 14 MiB/6.3 MiB/31 MiB GO alloc/idle/total, 18 MiB/22 MiB CGO alloc/total, 71.71cgo/sec, 0.03/0.02 %(u/s)time, 0.00 %gc (1x)
I200223 19:03:38.311202 33 server/status/runtime.go:223  [n3] runtime stats: 70 MiB RSS, 158 goroutines, 14 MiB/6.7 MiB/31 MiB GO alloc/idle/total, 19 MiB/22 MiB CGO alloc/total, 63.60cgo/sec, 0.02/0.01 %(u/s)time, 0.00 %gc (1x)
I200223 19:03:48.242788 31 gossip/gossip.go:478  [n3] gossip status (ok, 3 nodes)
gossip client (1/3 cur/max conns)
  1: roach1:26257 (1m5s: infos 90/77 sent/received, bytes 23698B/17117B sent/received)
gossip server (1/3 cur/max conns, infos 207/180 sent/received, bytes 57143B/37144B sent/received)
  2: f2a5861397c4:26257 (58s)
I200223 19:03:48.311620 33 server/status/runtime.go:223  [n3] runtime stats: 71 MiB RSS, 159 goroutines, 14 MiB/6.6 MiB/31 MiB GO alloc/idle/total, 19 MiB/23 MiB CGO alloc/total, 67.90cgo/sec, 0.03/0.01 %(u/s)time, 0.00 %gc (1x)
W200223 19:03:57.588514 63 storage/node_liveness.go:399  [n3,hb] slow heartbeat took 1.0s
I200223 19:03:58.311905 33 server/status/runtime.go:223  [n3] runtime stats: 72 MiB RSS, 158 goroutines, 15 MiB/5.9 MiB/31 MiB GO alloc/idle/total, 19 MiB/23 MiB CGO alloc/total, 65.50cgo/sec, 0.03/0.02 %(u/s)time, 0.00 %gc (1x)
I200223 19:04:08.311645 33 server/status/runtime.go:223  [n3] runtime stats: 72 MiB RSS, 158 goroutines, 15 MiB/5.7 MiB/31 MiB GO alloc/idle/total, 20 MiB/23 MiB CGO alloc/total, 63.20cgo/sec, 0.03/0.02 %(u/s)time, 0.00 %gc (1x)
W200223 19:04:15.696545 63 storage/node_liveness.go:399  [n3,hb] slow heartbeat took 1.1s
I200223 19:04:18.311881 33 server/status/runtime.go:223  [n3] runtime stats: 73 MiB RSS, 158 goroutines, 15 MiB/6.0 MiB/31 MiB GO alloc/idle/total, 20 MiB/23 MiB CGO alloc/total, 66.00cgo/sec, 0.03/0.02 %(u/s)time, 0.00 %gc (1x)
I200223 19:04:28.310891 33 server/status/runtime.go:223  [n3] runtime stats: 73 MiB RSS, 158 goroutines, 15 MiB/5.7 MiB/31 MiB GO alloc/idle/total, 20 MiB/24 MiB CGO alloc/total, 64.00cgo/sec, 0.03/0.02 %(u/s)time, 0.00 %gc (1x)
I200223 19:04:38.312072 33 server/status/runtime.go:223  [n3] runtime stats: 74 MiB RSS, 158 goroutines, 16 MiB/5.3 MiB/31 MiB GO alloc/idle/total, 20 MiB/24 MiB CGO alloc/total, 60.89cgo/sec, 0.02/0.02 %(u/s)time, 0.00 %gc (1x)
I200223 19:04:48.242762 31 gossip/gossip.go:478  [n3] gossip status (ok, 3 nodes)
gossip client (1/3 cur/max conns)
  1: roach1:26257 (2m5s: infos 140/128 sent/received, bytes 32177B/26538B sent/received)
gossip server (1/3 cur/max conns, infos 275/283 sent/received, bytes 70576B/55831B sent/received)
  2: f2a5861397c4:26257 (1m58s)
I200223 19:04:48.311492 33 server/status/runtime.go:223  [n3] runtime stats: 75 MiB RSS, 159 goroutines, 16 MiB/4.9 MiB/31 MiB GO alloc/idle/total, 20 MiB/24 MiB CGO alloc/total, 59.90cgo/sec, 0.02/0.02 %(u/s)time, 0.00 %gc (1x)
I200223 19:04:58.311103 33 server/status/runtime.go:223  [n3] runtime stats: 75 MiB RSS, 158 goroutines, 16 MiB/4.6 MiB/31 MiB GO alloc/idle/total, 20 MiB/24 MiB CGO alloc/total, 75.70cgo/sec, 0.03/0.02 %(u/s)time, 0.00 %gc (1x)
W200223 19:05:05.093047 63 storage/node_liveness.go:399  [n3,hb] slow heartbeat took 1.0s
I200223 19:05:08.310655 33 server/status/runtime.go:223  [n3] runtime stats: 76 MiB RSS, 158 goroutines, 17 MiB/4.4 MiB/31 MiB GO alloc/idle/total, 20 MiB/24 MiB CGO alloc/total, 63.30cgo/sec, 0.02/0.02 %(u/s)time, 0.00 %gc (1x)
I200223 19:05:18.311514 33 server/status/runtime.go:223  [n3] runtime stats: 76 MiB RSS, 158 goroutines, 16 MiB/4.5 MiB/31 MiB GO alloc/idle/total, 19 MiB/24 MiB CGO alloc/total, 62.80cgo/sec, 0.02/0.01 %(u/s)time, 0.00 %gc (1x)
I200223 19:05:28.311413 33 server/status/runtime.go:223  [n3] runtime stats: 76 MiB RSS, 158 goroutines, 17 MiB/4.3 MiB/31 MiB GO alloc/idle/total, 19 MiB/24 MiB CGO alloc/total, 69.10cgo/sec, 0.03/0.02 %(u/s)time, 0.00 %gc (1x)
I200223 19:05:38.311633 33 server/status/runtime.go:223  [n3] runtime stats: 77 MiB RSS, 158 goroutines, 17 MiB/3.8 MiB/31 MiB GO alloc/idle/total, 19 MiB/24 MiB CGO alloc/total, 57.60cgo/sec, 0.02/0.01 %(u/s)time, 0.00 %gc (1x)
I200223 19:05:48.242453 31 gossip/gossip.go:478  [n3] gossip status (ok, 3 nodes)
gossip client (1/3 cur/max conns)
  1: roach1:26257 (3m5s: infos 186/181 sent/received, bytes 40401B/35639B sent/received)
gossip server (1/3 cur/max conns, infos 337/390 sent/received, bytes 83574B/74056B sent/received)
  2: f2a5861397c4:26257 (2m58s)
I200223 19:05:48.312072 33 server/status/runtime.go:223  [n3] runtime stats: 77 MiB RSS, 159 goroutines, 18 MiB/3.4 MiB/31 MiB GO alloc/idle/total, 19 MiB/24 MiB CGO alloc/total, 66.50cgo/sec, 0.03/0.01 %(u/s)time, 0.00 %gc (1x)
I200223 19:05:58.311923 33 server/status/runtime.go:223  [n3] runtime stats: 78 MiB RSS, 159 goroutines, 18 MiB/3.3 MiB/31 MiB GO alloc/idle/total, 18 MiB/24 MiB CGO alloc/total, 73.00cgo/sec, 0.03/0.01 %(u/s)time, 0.00 %gc (1x)
I200223 19:06:08.312084 33 server/status/runtime.go:223  [n3] runtime stats: 78 MiB RSS, 158 goroutines, 18 MiB/3.5 MiB/31 MiB GO alloc/idle/total, 27 MiB/32 MiB CGO alloc/total, 59.80cgo/sec, 0.03/0.02 %(u/s)time, 0.00 %gc (1x)
I200223 19:06:18.311885 33 server/status/runtime.go:223  [n3] runtime stats: 79 MiB RSS, 158 goroutines, 18 MiB/3.7 MiB/31 MiB GO alloc/idle/total, 26 MiB/33 MiB CGO alloc/total, 62.50cgo/sec, 0.03/0.02 %(u/s)time, 0.00 %gc (1x)
W200223 19:06:22.513355 116 storage/store.go:3581  [n3,s3] handle raft ready: 0.7s [processed=0]
W200223 19:06:27.056094 63 storage/node_liveness.go:399  [n3,hb] slow heartbeat took 2.0s
I200223 19:06:28.311165 33 server/status/runtime.go:223  [n3] runtime stats: 79 MiB RSS, 158 goroutines, 17 MiB/4.3 MiB/31 MiB GO alloc/idle/total, 26 MiB/33 MiB CGO alloc/total, 63.40cgo/sec, 0.03/0.02 %(u/s)time, 0.00 %gc (1x)
W200223 19:06:30.450539 110 storage/store.go:3581  [n3,s3] handle raft ready: 0.5s [processed=0]
W200223 19:06:35.251361 63 storage/node_liveness.go:399  [n3,hb] slow heartbeat took 1.2s
I200223 19:06:38.311759 33 server/status/runtime.go:223  [n3] runtime stats: 80 MiB RSS, 158 goroutines, 17 MiB/3.7 MiB/31 MiB GO alloc/idle/total, 26 MiB/33 MiB CGO alloc/total, 62.20cgo/sec, 0.03/0.02 %(u/s)time, 0.00 %gc (1x)
W200223 19:06:39.811092 63 storage/node_liveness.go:399  [n3,hb] slow heartbeat took 1.2s
W200223 19:06:44.382625 63 storage/node_liveness.go:399  [n3,hb] slow heartbeat took 1.3s
I200223 19:06:48.242768 31 gossip/gossip.go:478  [n3] gossip status (ok, 3 nodes)
gossip client (1/3 cur/max conns)
  1: roach1:26257 (4m5s: infos 241/232 sent/received, bytes 49813B/45462B sent/received)
gossip server (1/3 cur/max conns, infos 419/489 sent/received, bytes 99315B/92271B sent/received)
  2: f2a5861397c4:26257 (3m58s)
I200223 19:06:48.311184 33 server/status/runtime.go:223  [n3] runtime stats: 80 MiB RSS, 159 goroutines, 17 MiB/3.9 MiB/31 MiB GO alloc/idle/total, 26 MiB/33 MiB CGO alloc/total, 69.20cgo/sec, 0.03/0.02 %(u/s)time, 0.00 %gc (1x)
W200223 19:06:55.765534 96 storage/store.go:3581  [n3,s3] handle raft ready: 0.8s [processed=0]
I200223 19:06:58.311830 33 server/status/runtime.go:223  [n3] runtime stats: 81 MiB RSS, 159 goroutines, 18 MiB/3.2 MiB/31 MiB GO alloc/idle/total, 26 MiB/33 MiB CGO alloc/total, 65.80cgo/sec, 0.02/0.02 %(u/s)time, 0.00 %gc (1x)
W200223 19:06:58.750501 63 storage/node_liveness.go:399  [n3,hb] slow heartbeat took 2.2s
W200223 19:07:02.729467 63 storage/node_liveness.go:399  [n3,hb] slow heartbeat took 1.6s
W200223 19:07:07.316204 63 storage/node_liveness.go:399  [n3,hb] slow heartbeat took 1.7s
I200223 19:07:08.311321 33 server/status/runtime.go:223  [n3] runtime stats: 81 MiB RSS, 158 goroutines, 19 MiB/2.5 MiB/31 MiB GO alloc/idle/total, 26 MiB/33 MiB CGO alloc/total, 73.10cgo/sec, 0.03/0.02 %(u/s)time, 0.00 %gc (1x)
W200223 19:07:11.925439 63 storage/node_liveness.go:399  [n3,hb] slow heartbeat took 1.8s
W200223 19:07:16.838258 63 storage/node_liveness.go:399  [n3,hb] slow heartbeat took 2.3s
W200223 19:07:16.838298 63 storage/node_liveness.go:342  [n3,hb] failed node liveness heartbeat: context deadline exceeded
I200223 19:07:18.312068 33 server/status/runtime.go:223  [n3] runtime stats: 82 MiB RSS, 159 goroutines, 18 MiB/3.0 MiB/31 MiB GO alloc/idle/total, 26 MiB/33 MiB CGO alloc/total, 59.20cgo/sec, 0.02/0.01 %(u/s)time, 0.00 %gc (1x)
W200223 19:07:20.525386 89 storage/store.go:3581  [n3,s3] handle raft ready: 0.6s [processed=0]
W200223 19:07:21.337533 63 storage/node_liveness.go:399  [n3,hb] slow heartbeat took 2.3s
W200223 19:07:21.337591 63 storage/node_liveness.go:342  [n3,hb] failed node liveness heartbeat: context deadline exceeded
W200223 19:07:21.785175 86 storage/store.go:3581  [n3,s3] handle raft ready: 0.8s [processed=0]
W200223 19:07:22.334098 110 storage/store.go:3581  [n3,s3] handle raft ready: 0.5s [processed=0]
W200223 19:07:25.837999 63 storage/node_liveness.go:399  [n3,hb] slow heartbeat took 2.3s
W200223 19:07:25.838039 63 storage/node_liveness.go:342  [n3,hb] failed node liveness heartbeat: context deadline exceeded
I200223 19:07:28.310999 33 server/status/runtime.go:223  [n3] runtime stats: 82 MiB RSS, 159 goroutines, 18 MiB/3.1 MiB/31 MiB GO alloc/idle/total, 26 MiB/33 MiB CGO alloc/total, 69.41cgo/sec, 0.03/0.02 %(u/s)time, 0.00 %gc (1x)
W200223 19:07:29.701085 63 storage/node_liveness.go:399  [n3,hb] slow heartbeat took 1.6s
W200223 19:07:30.577621 104 storage/store.go:3581  [n3,s3] handle raft ready: 0.7s [processed=0]
I200223 19:07:38.311556 33 server/status/runtime.go:223  [n3] runtime stats: 83 MiB RSS, 158 goroutines, 18 MiB/2.9 MiB/31 MiB GO alloc/idle/total, 26 MiB/33 MiB CGO alloc/total, 69.80cgo/sec, 0.03/0.01 %(u/s)time, 0.00 %gc (1x)
W200223 19:07:47.851382 63 storage/node_liveness.go:399  [n3,hb] slow heartbeat took 1.8s
I200223 19:07:48.242683 31 gossip/gossip.go:478  [n3] gossip status (ok, 3 nodes)
gossip client (1/3 cur/max conns)
  1: roach1:26257 (5m5s: infos 286/286 sent/received, bytes 57711B/54716B sent/received)
gossip server (1/3 cur/max conns, infos 479/596 sent/received, bytes 112278B/110659B sent/received)
  2: f2a5861397c4:26257 (4m58s)
I200223 19:07:48.311828 33 server/status/runtime.go:223  [n3] runtime stats: 83 MiB RSS, 159 goroutines, 18 MiB/3.2 MiB/31 MiB GO alloc/idle/total, 26 MiB/33 MiB CGO alloc/total, 58.10cgo/sec, 0.02/0.02 %(u/s)time, 0.00 %gc (1x)
W200223 19:07:52.644372 91 storage/store.go:3581  [n3,s3] handle raft ready: 1.3s [processed=0]
W200223 19:07:53.566093 91 storage/store.go:3581  [n3,s3] handle raft ready: 0.9s [processed=0]
W200223 19:07:53.904269 98 storage/store.go:3581  [n3,s3] handle raft ready: 0.6s [processed=0]
W200223 19:07:56.109791 63 storage/node_liveness.go:399  [n3,hb] slow heartbeat took 1.0s
I200223 19:07:58.311821 33 server/status/runtime.go:223  [n3] runtime stats: 84 MiB RSS, 159 goroutines, 18 MiB/3.0 MiB/31 MiB GO alloc/idle/total, 26 MiB/33 MiB CGO alloc/total, 72.90cgo/sec, 0.02/0.02 %(u/s)time, 0.00 %gc (1x)
W200223 19:08:00.624274 63 storage/node_liveness.go:399  [n3,hb] slow heartbeat took 1.0s
W200223 19:08:05.674744 63 storage/node_liveness.go:399  [n3,hb] slow heartbeat took 1.6s
I200223 19:08:08.312108 33 server/status/runtime.go:223  [n3] runtime stats: 84 MiB RSS, 158 goroutines, 18 MiB/2.6 MiB/31 MiB GO alloc/idle/total, 26 MiB/33 MiB CGO alloc/total, 70.00cgo/sec, 0.02/0.01 %(u/s)time, 0.00 %gc (1x)
I200223 19:08:18.311762 33 server/status/runtime.go:223  [n3] runtime stats: 85 MiB RSS, 158 goroutines, 18 MiB/3.2 MiB/31 MiB GO alloc/idle/total, 26 MiB/33 MiB CGO alloc/total, 65.80cgo/sec, 0.02/0.02 %(u/s)time, 0.00 %gc (1x)
I200223 19:08:28.310729 33 server/status/runtime.go:223  [n3] runtime stats: 86 MiB RSS, 158 goroutines, 18 MiB/3.7 MiB/31 MiB GO alloc/idle/total, 25 MiB/33 MiB CGO alloc/total, 67.61cgo/sec, 0.02/0.02 %(u/s)time, 0.00 %gc (1x)
I200223 19:08:38.311472 33 server/status/runtime.go:223  [n3] runtime stats: 86 MiB RSS, 158 goroutines, 18 MiB/3.5 MiB/31 MiB GO alloc/idle/total, 25 MiB/33 MiB CGO alloc/total, 55.20cgo/sec, 0.03/0.01 %(u/s)time, 0.00 %gc (1x)
I200223 19:08:48.242641 31 gossip/gossip.go:478  [n3] gossip status (ok, 3 nodes)
gossip client (1/3 cur/max conns)
  1: roach1:26257 (6m5s: infos 331/339 sent/received, bytes 66063B/64447B sent/received)
gossip server (1/3 cur/max conns, infos 539/706 sent/received, bytes 126013B/130010B sent/received)
  2: f2a5861397c4:26257 (5m58s)
I200223 19:08:48.311594 33 server/status/runtime.go:223  [n3] runtime stats: 86 MiB RSS, 159 goroutines, 18 MiB/3.3 MiB/31 MiB GO alloc/idle/total, 25 MiB/33 MiB CGO alloc/total, 61.80cgo/sec, 0.02/0.01 %(u/s)time, 0.00 %gc (1x)
I200223 19:08:58.312006 33 server/status/runtime.go:223  [n3] runtime stats: 87 MiB RSS, 159 goroutines, 18 MiB/2.8 MiB/31 MiB GO alloc/idle/total, 25 MiB/33 MiB CGO alloc/total, 75.70cgo/sec, 0.03/0.02 %(u/s)time, 0.00 %gc (1x)
I200223 19:09:08.312125 33 server/status/runtime.go:223  [n3] runtime stats: 87 MiB RSS, 158 goroutines, 18 MiB/3.3 MiB/31 MiB GO alloc/idle/total, 26 MiB/33 MiB CGO alloc/total, 63.50cgo/sec, 0.02/0.02 %(u/s)time, 0.00 %gc (1x)
W200223 19:09:17.242137 63 storage/node_liveness.go:399  [n3,hb] slow heartbeat took 1.2s
I200223 19:09:18.311926 33 server/status/runtime.go:223  [n3] runtime stats: 88 MiB RSS, 158 goroutines, 18 MiB/3.6 MiB/31 MiB GO alloc/idle/total, 34 MiB/41 MiB CGO alloc/total, 58.60cgo/sec, 0.02/0.02 %(u/s)time, 0.00 %gc (1x)
I200223 19:09:28.310690 33 server/status/runtime.go:223  [n3] runtime stats: 88 MiB RSS, 158 goroutines, 18 MiB/3.5 MiB/31 MiB GO alloc/idle/total, 33 MiB/41 MiB CGO alloc/total, 62.81cgo/sec, 0.02/0.01 %(u/s)time, 0.00 %gc (1x)
W200223 19:09:30.658808 63 storage/node_liveness.go:399  [n3,hb] slow heartbeat took 1.1s
W200223 19:09:35.346665 63 storage/node_liveness.go:399  [n3,hb] slow heartbeat took 1.3s
I200223 19:09:38.311870 33 server/status/runtime.go:223  [n3] runtime stats: 89 MiB RSS, 158 goroutines, 18 MiB/3.5 MiB/31 MiB GO alloc/idle/total, 33 MiB/41 MiB CGO alloc/total, 62.89cgo/sec, 0.03/0.02 %(u/s)time, 0.00 %gc (1x)
I200223 19:09:48.242681 31 gossip/gossip.go:478  [n3] gossip status (ok, 3 nodes)
gossip client (1/3 cur/max conns)
  1: roach1:26257 (7m5s: infos 380/386 sent/received, bytes 74625B/73100B sent/received)
gossip server (1/3 cur/max conns, infos 603/806 sent/received, bytes 139110B/147757B sent/received)
  2: f2a5861397c4:26257 (6m58s)
I200223 19:09:48.311634 33 server/status/runtime.go:223  [n3] runtime stats: 89 MiB RSS, 159 goroutines, 18 MiB/3.0 MiB/31 MiB GO alloc/idle/total, 33 MiB/41 MiB CGO alloc/total, 70.20cgo/sec, 0.03/0.02 %(u/s)time, 0.00 %gc (1x)
I200223 19:09:58.311248 33 server/status/runtime.go:223  [n3] runtime stats: 90 MiB RSS, 158 goroutines, 18 MiB/3.0 MiB/31 MiB GO alloc/idle/total, 33 MiB/41 MiB CGO alloc/total, 69.60cgo/sec, 0.02/0.02 %(u/s)time, 0.00 %gc (1x)
W200223 19:10:03.190041 63 storage/node_liveness.go:399  [n3,hb] slow heartbeat took 2.1s
I200223 19:10:08.311868 33 server/status/runtime.go:223  [n3] runtime stats: 90 MiB RSS, 158 goroutines, 18 MiB/3.0 MiB/31 MiB GO alloc/idle/total, 33 MiB/41 MiB CGO alloc/total, 58.10cgo/sec, 0.02/0.01 %(u/s)time, 0.00 %gc (1x)
I200223 19:10:18.311455 33 server/status/runtime.go:223  [n3] runtime stats: 90 MiB RSS, 158 goroutines, 18 MiB/3.1 MiB/31 MiB GO alloc/idle/total, 33 MiB/41 MiB CGO alloc/total, 65.00cgo/sec, 0.02/0.01 %(u/s)time, 0.00 %gc (1x)
I200223 19:10:28.311579 33 server/status/runtime.go:223  [n3] runtime stats: 91 MiB RSS, 159 goroutines, 18 MiB/3.4 MiB/31 MiB GO alloc/idle/total, 33 MiB/41 MiB CGO alloc/total, 66.70cgo/sec, 0.03/0.02 %(u/s)time, 0.00 %gc (1x)
I200223 19:10:38.311975 33 server/status/runtime.go:223  [n3] runtime stats: 92 MiB RSS, 158 goroutines, 18 MiB/3.5 MiB/31 MiB GO alloc/idle/total, 32 MiB/41 MiB CGO alloc/total, 66.30cgo/sec, 0.03/0.02 %(u/s)time, 0.00 %gc (1x)
W200223 19:10:47.339603 63 storage/node_liveness.go:399  [n3,hb] slow heartbeat took 1.3s
I200223 19:10:48.242576 31 gossip/gossip.go:478  [n3] gossip status (ok, 3 nodes)
gossip client (1/3 cur/max conns)
  1: roach1:26257 (8m5s: infos 429/434 sent/received, bytes 83179B/81536B sent/received)
gossip server (1/3 cur/max conns, infos 669/905 sent/received, bytes 153183B/164862B sent/received)
  2: f2a5861397c4:26257 (7m58s)
I200223 19:10:48.311444 33 server/status/runtime.go:223  [n3] runtime stats: 92 MiB RSS, 159 goroutines, 18 MiB/3.3 MiB/31 MiB GO alloc/idle/total, 32 MiB/41 MiB CGO alloc/total, 59.00cgo/sec, 0.03/0.02 %(u/s)time, 0.00 %gc (1x)
I200223 19:10:58.311556 33 server/status/runtime.go:223  [n3] runtime stats: 92 MiB RSS, 158 goroutines, 18 MiB/3.1 MiB/31 MiB GO alloc/idle/total, 32 MiB/41 MiB CGO alloc/total, 74.60cgo/sec, 0.03/0.02 %(u/s)time, 0.00 %gc (1x)
I200223 19:11:08.311938 33 server/status/runtime.go:223  [n3] runtime stats: 93 MiB RSS, 158 goroutines, 18 MiB/3.1 MiB/31 MiB GO alloc/idle/total, 32 MiB/41 MiB CGO alloc/total, 57.00cgo/sec, 0.02/0.02 %(u/s)time, 0.00 %gc (1x)
I200223 19:11:18.311860 33 server/status/runtime.go:223  [n3] runtime stats: 93 MiB RSS, 158 goroutines, 18 MiB/3.5 MiB/31 MiB GO alloc/idle/total, 32 MiB/41 MiB CGO alloc/total, 63.80cgo/sec, 0.03/0.02 %(u/s)time, 0.00 %gc (1x)
I200223 19:11:28.311940 33 server/status/runtime.go:223  [n3] runtime stats: 94 MiB RSS, 158 goroutines, 18 MiB/3.2 MiB/31 MiB GO alloc/idle/total, 32 MiB/41 MiB CGO alloc/total, 74.00cgo/sec, 0.03/0.02 %(u/s)time, 0.00 %gc (1x)
W200223 19:11:36.707149 63 storage/node_liveness.go:399  [n3,hb] slow heartbeat took 1.1s
I200223 19:11:38.311760 33 server/status/runtime.go:223  [n3] runtime stats: 94 MiB RSS, 158 goroutines, 18 MiB/3.2 MiB/31 MiB GO alloc/idle/total, 32 MiB/41 MiB CGO alloc/total, 57.90cgo/sec, 0.03/0.02 %(u/s)time, 0.00 %gc (1x)
I200223 19:11:48.242709 31 gossip/gossip.go:478  [n3] gossip status (ok, 3 nodes)
gossip client (1/3 cur/max conns)
  1: roach1:26257 (9m5s: infos 475/470 sent/received, bytes 91229B/88658B sent/received)
gossip server (1/3 cur/max conns, infos 730/990 sent/received, bytes 165988B/180495B sent/received)
  2: f2a5861397c4:26257 (8m58s)
I200223 19:11:48.311839 33 server/status/runtime.go:223  [n3] runtime stats: 94 MiB RSS, 159 goroutines, 18 MiB/3.0 MiB/31 MiB GO alloc/idle/total, 32 MiB/41 MiB CGO alloc/total, 62.00cgo/sec, 0.03/0.02 %(u/s)time, 0.00 %gc (1x)
I200223 19:11:58.311779 33 server/status/runtime.go:223  [n3] runtime stats: 95 MiB RSS, 159 goroutines, 19 MiB/2.8 MiB/31 MiB GO alloc/idle/total, 32 MiB/41 MiB CGO alloc/total, 74.60cgo/sec, 0.03/0.02 %(u/s)time, 0.00 %gc (1x)
I200223 19:12:08.311638 33 server/status/runtime.go:223  [n3] runtime stats: 95 MiB RSS, 158 goroutines, 18 MiB/2.8 MiB/31 MiB GO alloc/idle/total, 32 MiB/41 MiB CGO alloc/total, 62.60cgo/sec, 0.02/0.02 %(u/s)time, 0.00 %gc (1x)
I200223 19:12:18.311736 33 server/status/runtime.go:223  [n3] runtime stats: 96 MiB RSS, 158 goroutines, 18 MiB/3.3 MiB/31 MiB GO alloc/idle/total, 32 MiB/41 MiB CGO alloc/total, 62.70cgo/sec, 0.02/0.02 %(u/s)time, 0.00 %gc (1x)
W200223 19:12:20.505052 112 storage/store.go:3581  [n3,s3] handle raft ready: 0.6s [processed=0]
W200223 19:12:21.651959 63 storage/node_liveness.go:399  [n3,hb] slow heartbeat took 1.1s
W200223 19:12:26.204568 63 storage/node_liveness.go:399  [n3,hb] slow heartbeat took 1.1s
I200223 19:12:28.311609 33 server/status/runtime.go:223  [n3] runtime stats: 96 MiB RSS, 158 goroutines, 18 MiB/3.3 MiB/31 MiB GO alloc/idle/total, 40 MiB/49 MiB CGO alloc/total, 63.20cgo/sec, 0.02/0.02 %(u/s)time, 0.00 %gc (1x)
I200223 19:12:38.311598 33 server/status/runtime.go:223  [n3] runtime stats: 97 MiB RSS, 158 goroutines, 18 MiB/3.3 MiB/31 MiB GO alloc/idle/total, 40 MiB/49 MiB CGO alloc/total, 58.60cgo/sec, 0.03/0.02 %(u/s)time, 0.00 %gc (1x)
I200223 19:12:48.242662 31 gossip/gossip.go:478  [n3] gossip status (ok, 3 nodes)
gossip client (1/3 cur/max conns)
  1: roach1:26257 (10m5s: infos 520/521 sent/received, bytes 99095B/97571B sent/received)
gossip server (1/3 cur/max conns, infos 790/1094 sent/received, bytes 178883B/198324B sent/received)
  2: f2a5861397c4:26257 (9m58s)
I200223 19:12:48.311823 33 server/status/runtime.go:223  [n3] runtime stats: 97 MiB RSS, 160 goroutines, 18 MiB/3.4 MiB/31 MiB GO alloc/idle/total, 40 MiB/49 MiB CGO alloc/total, 60.60cgo/sec, 0.03/0.02 %(u/s)time, 0.00 %gc (1x)
W200223 19:12:57.965237 63 storage/node_liveness.go:399  [n3,hb] slow heartbeat took 1.4s
I200223 19:12:58.244224 30 storage/store.go:4174  [n3,s3] sstables (read amplification = 2):
0 [ 100K 1 ]: 100K
6 [  22M 1 ]: 22M
I200223 19:12:58.244687 30 storage/store.go:4175  [n3,s3] 
** Compaction Stats [default] **
Level    Files   Size     Score Read(GB)  Rn(GB) Rnp1(GB) Write(GB) Wnew(GB) Moved(GB) W-Amp Rd(MB/s) Wr(MB/s) Comp(sec) Comp(cnt) Avg(sec) KeyIn KeyDrop
----------------------------------------------------------------------------------------------------------------------------------------------------------
  L0      1/0   100.30 KB   0.5      0.0     0.0      0.0       0.0      0.0       0.0   1.0      0.0      0.5         0         1    0.179       0      0
  L6      1/0   22.33 MB   0.0      0.0     0.0      0.0       0.0      0.0       0.0   0.0      0.0      0.0         0         0    0.000       0      0
 Sum      2/0   22.42 MB   0.0      0.0     0.0      0.0       0.0      0.0       0.0   1.0      0.0      0.5         0         1    0.179       0      0
 Int      0/0    0.00 KB   0.0      0.0     0.0      0.0       0.0      0.0       0.0   1.0      0.0      0.5         0         1    0.179       0      0
Uptime(secs): 614.7 total, 614.7 interval
Flush(GB): cumulative 0.000, interval 0.000
AddFile(GB): cumulative 0.000, interval 0.000
AddFile(Total Files): cumulative 0, interval 0
AddFile(L0 Files): cumulative 0, interval 0
AddFile(Keys): cumulative 0, interval 0
Cumulative compaction: 0.00 GB write, 0.00 MB/s write, 0.00 GB read, 0.00 MB/s read, 0.2 seconds
Interval compaction: 0.00 GB write, 0.00 MB/s write, 0.00 GB read, 0.00 MB/s read, 0.2 seconds
Stalls(count): 0 level0_slowdown, 0 level0_slowdown_with_compaction, 0 level0_numfiles, 0 level0_numfiles_with_compaction, 0 stop for pending_compaction_bytes, 0 slowdown for pending_compaction_bytes, 0 memtable_compaction, 0 memtable_slowdown, interval 0 total count
I200223 19:12:58.311916 33 server/status/runtime.go:223  [n3] runtime stats: 98 MiB RSS, 158 goroutines, 19 MiB/2.8 MiB/31 MiB GO alloc/idle/total, 40 MiB/49 MiB CGO alloc/total, 86.40cgo/sec, 0.03/0.02 %(u/s)time, 0.00 %gc (1x)
I200223 19:13:08.311935 33 server/status/runtime.go:223  [n3] runtime stats: 98 MiB RSS, 158 goroutines, 19 MiB/2.4 MiB/31 MiB GO alloc/idle/total, 40 MiB/49 MiB CGO alloc/total, 61.30cgo/sec, 0.02/0.02 %(u/s)time, 0.00 %gc (1x)
W200223 19:13:16.188616 63 storage/node_liveness.go:399  [n3,hb] slow heartbeat took 1.6s
I200223 19:13:18.311512 33 server/status/runtime.go:223  [n3] runtime stats: 99 MiB RSS, 158 goroutines, 18 MiB/3.2 MiB/31 MiB GO alloc/idle/total, 40 MiB/49 MiB CGO alloc/total, 65.80cgo/sec, 0.03/0.02 %(u/s)time, 0.00 %gc (1x)
W200223 19:13:20.434553 110 storage/store.go:3581  [n3,s3] handle raft ready: 0.5s [processed=0]
I200223 19:13:28.311807 33 server/status/runtime.go:223  [n3] runtime stats: 99 MiB RSS, 159 goroutines, 18 MiB/3.5 MiB/31 MiB GO alloc/idle/total, 40 MiB/49 MiB CGO alloc/total, 69.70cgo/sec, 0.02/0.02 %(u/s)time, 0.00 %gc (1x)
I200223 19:13:38.311569 33 server/status/runtime.go:223  [n3] runtime stats: 99 MiB RSS, 158 goroutines, 18 MiB/3.2 MiB/31 MiB GO alloc/idle/total, 40 MiB/49 MiB CGO alloc/total, 56.40cgo/sec, 0.03/0.02 %(u/s)time, 0.00 %gc (1x)
W200223 19:13:47.105783 63 storage/node_liveness.go:399  [n3,hb] slow heartbeat took 1.0s
I200223 19:13:48.242561 31 gossip/gossip.go:478  [n3] gossip status (ok, 3 nodes)
gossip client (1/3 cur/max conns)
  1: roach1:26257 (11m5s: infos 576/578 sent/received, bytes 108497B/107808B sent/received)
gossip server (1/3 cur/max conns, infos 873/1215 sent/received, bytes 195388B/219084B sent/received)
  2: f2a5861397c4:26257 (10m58s)
I200223 19:13:48.312095 33 server/status/runtime.go:223  [n3] runtime stats: 100 MiB RSS, 159 goroutines, 18 MiB/3.4 MiB/31 MiB GO alloc/idle/total, 40 MiB/49 MiB CGO alloc/total, 64.70cgo/sec, 0.02/0.01 %(u/s)time, 0.00 %gc (1x)
I200223 19:13:58.312014 33 server/status/runtime.go:223  [n3] runtime stats: 100 MiB RSS, 158 goroutines, 18 MiB/3.2 MiB/31 MiB GO alloc/idle/total, 40 MiB/49 MiB CGO alloc/total, 79.50cgo/sec, 0.03/0.01 %(u/s)time, 0.00 %gc (1x)
I200223 19:14:08.312023 33 server/status/runtime.go:223  [n3] runtime stats: 100 MiB RSS, 158 goroutines, 18 MiB/3.4 MiB/31 MiB GO alloc/idle/total, 40 MiB/49 MiB CGO alloc/total, 56.20cgo/sec, 0.02/0.02 %(u/s)time, 0.00 %gc (1x)
I200223 19:14:18.310858 33 server/status/runtime.go:223  [n3] runtime stats: 102 MiB RSS, 159 goroutines, 18 MiB/3.1 MiB/31 MiB GO alloc/idle/total, 39 MiB/49 MiB CGO alloc/total, 63.31cgo/sec, 0.02/0.02 %(u/s)time, 0.00 %gc (1x)
W200223 19:14:18.654767 63 storage/node_liveness.go:399  [n3,hb] slow heartbeat took 1.1s
I200223 19:14:28.311989 33 server/status/runtime.go:223  [n3] runtime stats: 102 MiB RSS, 158 goroutines, 18 MiB/3.3 MiB/31 MiB GO alloc/idle/total, 40 MiB/49 MiB CGO alloc/total, 63.69cgo/sec, 0.02/0.02 %(u/s)time, 0.00 %gc (1x)
W200223 19:14:37.081591 63 storage/node_liveness.go:399  [n3,hb] slow heartbeat took 1.5s
I200223 19:14:38.311926 33 server/status/runtime.go:223  [n3] runtime stats: 102 MiB RSS, 158 goroutines, 18 MiB/3.1 MiB/31 MiB GO alloc/idle/total, 40 MiB/49 MiB CGO alloc/total, 65.20cgo/sec, 0.03/0.01 %(u/s)time, 0.00 %gc (1x)
I200223 19:14:43.991241 1 cli/start.go:617  received signal 'terminated'
I200223 19:14:44.180530 1 cli/start.go:644  initiating graceful shutdown of server
I200223 19:14:45.857833 3511 util/stop/stopper.go:474  quiescing; tasks left:
6      kv.DistSender: sending partial batch
1      ts.poller: poll
1      [async] storage.Store: gossip on capacity change
W200223 19:14:45.858794 271 storage/raft_transport.go:461  [n3] raft transport stream to node 2 failed: rpc error: code = Unavailable desc = transport is closing
W200223 19:14:45.858928 272 storage/raft_transport.go:461  [n3] raft transport stream to node 1 failed: rpc error: code = Unavailable desc = transport is closing
W200223 19:14:45.859016 68 gossip/gossip.go:1241  [n3] no incoming or outgoing connections
I200223 19:14:46.038410 3511 util/stop/stopper.go:474  quiescing; tasks left:
5      kv.DistSender: sending partial batch
1      ts.poller: poll
1      [async] storage.Store: gossip on capacity change
I200223 19:14:46.749682 3511 util/stop/stopper.go:474  quiescing; tasks left:
4      kv.DistSender: sending partial batch
1      ts.poller: poll
1      [async] storage.Store: gossip on capacity change
I200223 19:14:46.900003 3511 util/stop/stopper.go:474  quiescing; tasks left:
3      kv.DistSender: sending partial batch
1      ts.poller: poll
1      [async] storage.Store: gossip on capacity change
W200223 19:14:47.026959 3531 gossip/infostore.go:303  [n3] node unavailable; try another peer
I200223 19:14:47.027213 3511 util/stop/stopper.go:474  quiescing; tasks left:
2      kv.DistSender: sending partial batch
1      ts.poller: poll
1      [async] storage.Store: gossip on capacity change
W200223 19:14:47.027714 146 ts/db.go:112  [n3,ts-poll] error writing time series data: failed to send RPC: sending to all 3 replicas failed; last error: {<nil> rpc error: code = FailedPrecondition desc = grpc: the client connection is closing}
W200223 19:14:47.151495 115 storage/store.go:3581  [n3,s3] handle raft ready: 1.2s [processed=0]
W200223 19:14:47.151582 103 storage/store.go:3581  [n3,s3] handle raft ready: 1.2s [processed=0]
W200223 19:14:47.151674 110 storage/store.go:3581  [n3,s3] handle raft ready: 1.2s [processed=0]
I200223 19:14:47.418098 3511 util/stop/stopper.go:474  quiescing; tasks left:
1      ts.poller: poll
I200223 19:14:48.099102 351 vendor/google.golang.org/grpc/grpclog/grpclog.go:75  transport: http2Server.HandleStreams failed to read frame: read tcp 172.18.0.4:26257->172.18.0.2:54176: use of closed network connection
I200223 19:14:48.099387 3511 storage/engine/rocksdb.go:524  closing rocksdb instance at "/cockroach/cockroach-data/local"
I200223 19:14:48.364412 3511 storage/engine/rocksdb.go:524  closing rocksdb instance at "/cockroach/cockroach-data"
I200223 19:14:48.540012 1 cli/start.go:676  server drained and shutdown completed
